2023-02-03 09:53:48.242 +01:00 [INF] Security Beheer BV
is over de voorschot van 5 gegaan.
Er moet -28,0949600000003 betaald worden!
2023-02-03 09:54:09.449 +01:00 [INF] De Haan IT Nederland BV
is over de voorschot van 60 gegaan.
Er moet -16,1487300000001 betaald worden!
2023-02-03 09:54:24.547 +01:00 [INF] Healthynez Holding B.V.
is over de voorschot van 5 gegaan.
Er moet -17,34177 betaald worden!
2023-02-03 09:54:25.170 +01:00 [INF] Security Beheer BV
is over de voorschot van 5 gegaan.
Er moet -4,32613999999997 betaald worden!
2023-02-03 09:54:25.953 +01:00 [INF] Zuijl en Weerd Holding BV
is over de voorschot van 5 gegaan.
Er moet -0,375489999999998 betaald worden!
2023-02-03 09:54:26.873 +01:00 [INF] Orthodontiepraktijk Leidsche Rijn
is over de voorschot van 6,5 gegaan.
Er moet -4,54685 betaald worden!
2023-02-03 09:54:27.349 +01:00 [INF] ACR Caravan- en Camperservice B.V.
is over de voorschot van 15 gegaan.
Er moet -4,25787000000001 betaald worden!
2023-02-03 09:54:27.819 +01:00 [INF] De Haan IT Nederland BV
is over de voorschot van 10 gegaan.
Er moet -66,1487300000001 betaald worden!
2023-02-03 09:54:27.935 +01:00 [INF] Greenz BV
is over de voorschot van 1 gegaan.
Er moet -4,05161 betaald worden!
2023-02-03 09:54:29.234 +01:00 [INF] Den Hartog Bouwmaterieel BV
is over de voorschot van 5 gegaan.
Er moet -0,608219999999999 betaald worden!
2023-02-03 09:54:29.877 +01:00 [INF] Triomf Tours B.V.
is over de voorschot van 3 gegaan.
Er moet -11,38725 betaald worden!
2023-02-03 10:27:05.403 +01:00 [INF] ACM Fleetforce BV
is over de voorschot van 1 gegaan.
Er moet -1,11374 betaald worden!
2023-02-03 10:27:05.908 +01:00 [INF] Security Beheer BV
is over de voorschot van 5 gegaan.
Er moet -4,32613999999997 betaald worden!
2023-02-03 10:27:05.951 +01:00 [INF] Security Beheer BV
is over de voorschot van 5 gegaan.
Er moet -28,0949600000003 betaald worden!
2023-02-03 10:27:07.676 +01:00 [INF] De Haan IT Nederland BV
is over de voorschot van 50 gegaan.
Er moet -26,1487300000001 betaald worden!
2023-02-03 10:27:09.050 +01:00 [INF] HD Services
is over de voorschot van 50 gegaan.
Er moet -2,19312000000003 betaald worden!
2023-02-03 10:34:16.534 +01:00 [INF] Security Beheer BV
is over de voorschot van 5 gegaan.
Er moet -4,32613999999997 betaald worden!
2023-02-03 10:34:16.601 +01:00 [INF] Security Beheer BV
is over de voorschot van 5 gegaan.
Er moet -28,0949600000003 betaald worden!
2023-02-03 10:34:16.830 +01:00 [INF] ACM Fleetforce BV
is over de voorschot van 1 gegaan.
Er moet -1,11374 betaald worden!
2023-02-03 10:38:19.361 +01:00 [INF] Security Beheer BV
is over de voorschot van 5 gegaan.
Er moet -0,291743999999992 betaald worden!
2023-02-03 10:38:19.390 +01:00 [INF] Security Beheer BV
is over de voorschot van 5 gegaan.
Er moet -9,92182399999996 betaald worden!
2023-02-03 10:38:19.445 +01:00 [INF] Security Beheer BV
is over de voorschot van 5 gegaan.
Er moet -47,9519360000004 betaald worden!
2023-02-03 10:38:19.671 +01:00 [INF] TP Advocatuur
is over de voorschot van 5 gegaan.
Er moet -2,10216 betaald worden!
2023-02-03 10:38:19.891 +01:00 [INF] ACR Caravan- en Camperservice B.V.
is over de voorschot van 25 gegaan.
Er moet -5,81259200000002 betaald worden!
2023-02-03 10:38:19.939 +01:00 [INF] ACM Fleetforce BV
is over de voorschot van 1 gegaan.
Er moet -2,381984 betaald worden!
2023-02-03 10:38:20.136 +01:00 [INF] Kloosterhoeve Harmelen
is over de voorschot van 12,5 gegaan.
Er moet -2,7824 betaald worden!
2023-02-03 10:38:20.270 +01:00 [INF] Alex Severs Beheer BV
is over de voorschot van 3 gegaan.
Er moet -0,17976 betaald worden!
2023-02-03 10:42:41.252 +01:00 [INF] 
Security Beheer BV
is over de voorschot van 5 gegaan.
Er moet -0,291743999999992 betaald worden!

2023-02-03 10:42:41.316 +01:00 [INF] 
Security Beheer BV
is over de voorschot van 5 gegaan.
Er moet -9,92182399999996 betaald worden!

2023-02-03 10:42:41.365 +01:00 [INF] 
Security Beheer BV
is over de voorschot van 5 gegaan.
Er moet -47,9519360000004 betaald worden!

2023-02-03 10:42:42.285 +01:00 [INF] 
TP Advocatuur
is over de voorschot van 5 gegaan.
Er moet -2,10216 betaald worden!

2023-02-03 10:42:43.278 +01:00 [INF] 
ACR Caravan- en Camperservice B.V.
is over de voorschot van 25 gegaan.
Er moet -5,81259200000002 betaald worden!

2023-02-03 10:42:43.442 +01:00 [INF] 
ACM Fleetforce BV
is over de voorschot van 1 gegaan.
Er moet -2,381984 betaald worden!

2023-02-03 10:42:44.248 +01:00 [INF] 
Kloosterhoeve Harmelen
is over de voorschot van 12,5 gegaan.
Er moet -2,7824 betaald worden!

2023-02-03 10:42:44.869 +01:00 [INF] 
Alex Severs Beheer BV
is over de voorschot van 3 gegaan.
Er moet -0,17976 betaald worden!

2023-02-03 10:42:46.070 +01:00 [INF] 
HD Services
is over de voorschot van 80 gegaan.
Er moet -3,50899200000005 betaald worden!

2023-02-03 10:42:46.248 +01:00 [INF] 
De Haan IT Nederland BV
is over de voorschot van 80 gegaan.
Er moet -41,8379680000001 betaald worden!

2023-02-03 10:45:12.958 +01:00 [INF] 
Security Beheer BV
is over de voorschot van 5 gegaan.
Er moet € -0,29 betaald worden!

2023-02-03 10:45:12.997 +01:00 [INF] 
Security Beheer BV
is over de voorschot van 5 gegaan.
Er moet € -9,92 betaald worden!

2023-02-03 10:45:13.047 +01:00 [INF] 
Security Beheer BV
is over de voorschot van 5 gegaan.
Er moet € -47,95 betaald worden!

2023-02-03 10:45:13.992 +01:00 [INF] 
TP Advocatuur
is over de voorschot van 5 gegaan.
Er moet € -2,10 betaald worden!

2023-02-03 10:45:15.125 +01:00 [INF] 
ACR Caravan- en Camperservice B.V.
is over de voorschot van 25 gegaan.
Er moet € -5,81 betaald worden!

2023-02-03 10:45:15.301 +01:00 [INF] 
ACM Fleetforce BV
is over de voorschot van 1 gegaan.
Er moet € -2,38 betaald worden!

2023-02-03 10:45:16.159 +01:00 [INF] 
Kloosterhoeve Harmelen
is over de voorschot van 12,5 gegaan.
Er moet € -2,78 betaald worden!

2023-02-03 10:45:16.903 +01:00 [INF] 
Alex Severs Beheer BV
is over de voorschot van 3 gegaan.
Er moet € -0,18 betaald worden!

2023-02-03 10:45:18.252 +01:00 [INF] 
HD Services
is over de voorschot van 80 gegaan.
Er moet € -3,51 betaald worden!

2023-02-03 10:45:18.409 +01:00 [INF] 
De Haan IT Nederland BV
is over de voorschot van 80 gegaan.
Er moet € -41,84 betaald worden!

2023-02-03 10:48:44.334 +01:00 [INF] 
Security Beheer BV
is over de voorschot van 5 gegaan.
Er moet € -0,29 betaald worden!

2023-02-03 10:48:44.360 +01:00 [INF] 
Security Beheer BV
is over de voorschot van 5 gegaan.
Er moet € -9,92 betaald worden!

2023-02-03 10:48:44.403 +01:00 [INF] 
Security Beheer BV
is over de voorschot van 5 gegaan.
Er moet € -47,95 betaald worden!

2023-02-03 10:48:45.377 +01:00 [INF] 
TP Advocatuur
is over de voorschot van 5 gegaan.
Er moet € -2,10 betaald worden!

2023-02-03 10:48:46.544 +01:00 [INF] 
ACR Caravan- en Camperservice B.V.
is over de voorschot van 25 gegaan.
Er moet € -5,81 betaald worden!

2023-02-03 10:48:46.729 +01:00 [INF] 
ACM Fleetforce BV
is over de voorschot van 1 gegaan.
Er moet € -2,38 betaald worden!

2023-02-03 10:48:47.617 +01:00 [INF] 
Kloosterhoeve Harmelen
is over de voorschot van 12,5 gegaan.
Er moet € -2,78 betaald worden!

2023-02-03 10:48:48.340 +01:00 [INF] 
Alex Severs Beheer BV
is over de voorschot van 3 gegaan.
Er moet € -0,18 betaald worden!

2023-02-03 10:48:49.814 +01:00 [INF] 
HD Services
is over de voorschot van 80 gegaan.
Er moet € -3,51 betaald worden!

2023-02-03 10:48:50.041 +01:00 [INF] 
De Haan IT Nederland BV
is over de voorschot van 80 gegaan.
Er moet € -41,84 betaald worden!

2023-02-03 10:53:03.457 +01:00 [INF] 
BIT Hotmelt Technology
is over de voorschot van € 80,00 gegaan.
Er moet € -100,16 betaald worden!

2023-02-03 10:53:04.147 +01:00 [INF] 
House of Trends B.V.
is over de voorschot van € 80,00 gegaan.
Er moet € -22,04 betaald worden!

2023-02-03 10:53:05.644 +01:00 [INF] 
Healthynez Holding B.V.
is over de voorschot van € 80,00 gegaan.
Er moet € -252,85 betaald worden!

2023-02-03 10:55:03.218 +01:00 [INF] 
Galock Dienstverlening
is over de voorschot van € 24,00 gegaan.
Er moet € -3,30 betaald worden!

2023-02-03 10:55:50.444 +01:00 [INF] 
de Schakel Wonen en Slapen BV
is over de voorschot van € 10,00 gegaan.
Er moet € -8,56 betaald worden!

2023-02-03 10:55:51.076 +01:00 [INF] 
Galock Dienstverlening
is over de voorschot van € 2,00 gegaan.
Er moet € -20,08 betaald worden!

2023-02-03 10:55:51.198 +01:00 [INF] 
Greenz BV
is over de voorschot van € 10,00 gegaan.
Er moet € -20,84 betaald worden!

2023-02-03 10:55:52.073 +01:00 [INF] 
Kuipers Consultant BV
is over de voorschot van € 5,00 gegaan.
Er moet € -6,66 betaald worden!

2023-02-03 10:55:53.713 +01:00 [INF] 
Security Beheer BV
is over de voorschot van € 5,00 gegaan.
Er moet € -29,64 betaald worden!

2023-02-03 10:55:53.734 +01:00 [INF] 
Security Beheer BV
is over de voorschot van € 5,00 gegaan.
Er moet € -1,43 betaald worden!

2023-02-03 10:55:53.753 +01:00 [INF] 
Security Beheer BV
is over de voorschot van € 5,00 gegaan.
Er moet € -0,23 betaald worden!

2023-02-03 10:55:55.002 +01:00 [INF] 
HD Services
is over de voorschot van € 50,00 gegaan.
Er moet € -39,04 betaald worden!

2023-02-03 10:56:32.218 +01:00 [INF] 
De Haan IT Nederland BV
is over de voorschot van € 50,00 gegaan.
Er moet € -31,08 betaald worden!

2023-02-03 10:56:33.380 +01:00 [INF] 
HD Services
is over de voorschot van € 50,00 gegaan.
Er moet € -67,92 betaald worden!

2023-02-03 10:56:33.502 +01:00 [INF] 
Healthynez Holding B.V.
is over de voorschot van € 50,00 gegaan.
Er moet € -0,63 betaald worden!

2023-02-03 10:56:35.975 +01:00 [INF] 
Restaurant de Kraai BV
is over de voorschot van € 1,00 gegaan.
Er moet € -0,03 betaald worden!

2023-02-03 10:56:36.083 +01:00 [INF] 
Rigro Las en Montage
is over de voorschot van € 3,00 gegaan.
Er moet € -4,50 betaald worden!

2023-02-03 10:59:32.147 +01:00 [INF] 
De Haan IT Nederland BV
is over de voorschot van € 50,00 gegaan.
Er moet € -0,29 betaald worden!

2023-02-03 10:59:32.824 +01:00 [INF] 
HD Services
is over de voorschot van € 50,00 gegaan.
Er moet € -12,27 betaald worden!

2023-02-03 10:59:36.125 +01:00 [INF] 
Ton van Leeuwen Snijwerken B.V.
is over de voorschot van € 5,00 gegaan.
Er moet € -15,89 betaald worden!

2023-02-03 10:59:36.347 +01:00 [INF] 
WDC Adm & bel adv kantoor
is over de voorschot van € 1,00 gegaan.
Er moet € -1,07 betaald worden!

2023-02-03 11:00:36.194 +01:00 [INF] 
De Haan IT Nederland BV
is over de voorschot van € 50,00 gegaan.
Er moet € -0,29 betaald worden!

2023-02-03 11:00:36.932 +01:00 [INF] 
HD Services
is over de voorschot van € 50,00 gegaan.
Er moet € -12,27 betaald worden!

2023-02-03 11:00:40.359 +01:00 [INF] 
Ton van Leeuwen Snijwerken B.V.
is over de voorschot van € 1,00 gegaan.
Er moet € -19,89 betaald worden!

2023-02-03 11:00:40.454 +01:00 [INF] 
Tradekar International BV
is over de voorschot van € 1,00 gegaan.
Er moet € -5,70 betaald worden!

2023-02-03 11:00:40.509 +01:00 [INF] 
Triomf Tours B.V.
is over de voorschot van € 3,00 gegaan.
Er moet € -3,55 betaald worden!

2023-02-03 11:02:58.408 +01:00 [INF] 
De Haan IT Nederland BV
is over de voorschot van € 50,00 gegaan.
Er moet € -0,29 betaald worden!

2023-02-03 11:02:58.642 +01:00 [INF] 
HD Services
is over de voorschot van € 50,00 gegaan.
Er moet € -12,27 betaald worden!

2023-02-03 11:03:03.132 +01:00 [INF] 
ACM Fleetforce BV
is over de voorschot van € 1,00 gegaan.
Er moet € -0,41 betaald worden!

2023-02-03 11:03:05.127 +01:00 [INF] 
de Schakel Wonen en Slapen BV
is over de voorschot van € 10,00 gegaan.
Er moet € -10,56 betaald worden!

2023-02-03 11:03:05.805 +01:00 [INF] 
Galock Dienstverlening
is over de voorschot van € 2,00 gegaan.
Er moet € -25,30 betaald worden!

2023-02-03 11:03:05.888 +01:00 [INF] 
Greenz BV
is over de voorschot van € 10,00 gegaan.
Er moet € -15,82 betaald worden!

2023-02-03 11:03:06.766 +01:00 [INF] 
Kuipers Consultant BV
is over de voorschot van € 5,00 gegaan.
Er moet € -0,49 betaald worden!

2023-02-03 11:03:08.541 +01:00 [INF] 
Security Beheer BV
is over de voorschot van € 5,00 gegaan.
Er moet € -31,04 betaald worden!

2023-02-03 11:03:08.563 +01:00 [INF] 
Security Beheer BV
is over de voorschot van € 5,00 gegaan.
Er moet € -0,55 betaald worden!

2023-02-03 11:03:08.601 +01:00 [INF] 
Security Beheer BV
is over de voorschot van € 5,00 gegaan.
Er moet € -1,44 betaald worden!

2023-02-03 11:03:08.634 +01:00 [INF] 
Security Beheer BV
is over de voorschot van € 5,00 gegaan.
Er moet € -0,18 betaald worden!

2023-02-03 11:03:09.929 +01:00 [INF] 
De Haan IT Nederland BV
is over de voorschot van € 50,00 gegaan.
Er moet € -30,47 betaald worden!

2023-02-03 11:03:10.080 +01:00 [INF] 
HD Services
is over de voorschot van € 50,00 gegaan.
Er moet € -49,63 betaald worden!

2023-02-03 11:07:54.021 +01:00 [INF] 
De Haan IT Nederland BV
is over de voorschot van € 50,00 gegaan.
Er moet € -0,29 betaald worden!

2023-02-03 11:07:55.326 +01:00 [INF] 
HD Services
is over de voorschot van € 50,00 gegaan.
Er moet € -12,27 betaald worden!

2023-02-03 11:08:00.069 +01:00 [INF] 
ACM Fleetforce BV
is over de voorschot van € 1,00 gegaan.
Er moet € -0,41 betaald worden!

2023-02-03 11:08:01.980 +01:00 [INF] 
de Schakel Wonen en Slapen BV
is over de voorschot van € 10,00 gegaan.
Er moet € -10,56 betaald worden!

2023-02-03 11:08:02.664 +01:00 [INF] 
Galock Dienstverlening
is over de voorschot van € 2,00 gegaan.
Er moet € -25,30 betaald worden!

2023-02-03 11:08:02.762 +01:00 [INF] 
Greenz BV
is over de voorschot van € 10,00 gegaan.
Er moet € -15,82 betaald worden!

2023-02-03 11:08:30.037 +01:00 [ERR] tesst
2023-02-03 11:09:21.910 +01:00 [INF] 
Kuipers Consultant BV
is over de voorschot van € 5,00 gegaan.
Er moet € -0,49 betaald worden!

2023-02-03 11:09:23.548 +01:00 [INF] 
Security Beheer BV
is over de voorschot van € 5,00 gegaan.
Er moet € -31,04 betaald worden!

2023-02-03 11:09:23.571 +01:00 [INF] 
Security Beheer BV
is over de voorschot van € 5,00 gegaan.
Er moet € -0,55 betaald worden!

2023-02-03 11:09:23.592 +01:00 [INF] 
Security Beheer BV
is over de voorschot van € 5,00 gegaan.
Er moet € -1,44 betaald worden!

2023-02-03 11:09:23.623 +01:00 [INF] 
Security Beheer BV
is over de voorschot van € 5,00 gegaan.
Er moet € -0,18 betaald worden!

2023-02-03 11:11:00.450 +01:00 [ERR] tesst
2023-02-03 11:11:05.945 +01:00 [ERR] tesst
2023-02-03 11:11:06.408 +01:00 [INF] 
De Haan IT Nederland BV
is over de voorschot van € 50,00 gegaan.
Er moet € -30,47 betaald worden!

2023-02-03 11:11:06.562 +01:00 [INF] 
HD Services
is over de voorschot van € 50,00 gegaan.
Er moet € -49,63 betaald worden!

2023-02-03 11:12:20.048 +01:00 [INF] 
De Haan IT Nederland BV
is over de voorschot van € 50,00 gegaan.
Er moet € -0,29 betaald worden!

2023-02-03 11:12:24.102 +01:00 [INF] 
HD Services
is over de voorschot van € 50,00 gegaan.
Er moet € -12,27 betaald worden!

2023-02-03 11:12:38.086 +01:00 [INF] 
ACM Fleetforce BV
is over de voorschot van € 1,00 gegaan.
Er moet € -0,41 betaald worden!

2023-02-03 11:12:39.983 +01:00 [INF] 
de Schakel Wonen en Slapen BV
is over de voorschot van € 10,00 gegaan.
Er moet € -10,56 betaald worden!

2023-02-03 11:12:40.660 +01:00 [INF] 
Galock Dienstverlening
is over de voorschot van € 2,00 gegaan.
Er moet € -25,30 betaald worden!

2023-02-03 11:12:40.793 +01:00 [INF] 
Greenz BV
is over de voorschot van € 10,00 gegaan.
Er moet € -15,82 betaald worden!

2023-02-03 11:12:51.910 +01:00 [ERR] tesst
2023-02-03 11:12:52.385 +01:00 [INF] 
Kuipers Consultant BV
is over de voorschot van € 5,00 gegaan.
Er moet € -0,49 betaald worden!

2023-02-03 11:12:54.344 +01:00 [INF] 
Security Beheer BV
is over de voorschot van € 5,00 gegaan.
Er moet € -31,04 betaald worden!

2023-02-03 11:12:54.367 +01:00 [INF] 
Security Beheer BV
is over de voorschot van € 5,00 gegaan.
Er moet € -0,55 betaald worden!

2023-02-03 11:12:54.388 +01:00 [INF] 
Security Beheer BV
is over de voorschot van € 5,00 gegaan.
Er moet € -1,44 betaald worden!

2023-02-03 11:12:54.415 +01:00 [INF] 
Security Beheer BV
is over de voorschot van € 5,00 gegaan.
Er moet € -0,18 betaald worden!

2023-02-03 11:13:00.229 +01:00 [ERR] tesst
2023-02-03 11:13:09.574 +01:00 [ERR] tesst
2023-02-03 11:13:09.908 +01:00 [INF] 
De Haan IT Nederland BV
is over de voorschot van € 50,00 gegaan.
Er moet € -30,47 betaald worden!

2023-02-03 11:13:10.063 +01:00 [INF] 
HD Services
is over de voorschot van € 50,00 gegaan.
Er moet € -49,63 betaald worden!

2023-02-03 11:21:14.050 +01:00 [INF] 
ACM Fleetforce BV
is over de voorschot van € 1,00 gegaan.
Er moet € -0,41 betaald worden!

2023-02-03 11:21:31.941 +01:00 [ERR] tesst
2023-02-03 11:23:30.017 +01:00 [INF] 
de Schakel Wonen en Slapen BV
is over de voorschot van € 10,00 gegaan.
Er moet € -10,56 betaald worden!

2023-02-03 11:23:30.578 +01:00 [INF] 
Galock Dienstverlening
is over de voorschot van € 2,00 gegaan.
Er moet € -25,30 betaald worden!

2023-02-03 11:23:30.667 +01:00 [INF] 
Greenz BV
is over de voorschot van € 10,00 gegaan.
Er moet € -15,82 betaald worden!

2023-02-03 11:23:40.649 +01:00 [ERR] tesst
2023-02-03 11:23:44.521 +01:00 [ERR] tesst
2023-02-03 11:23:44.994 +01:00 [INF] 
Kuipers Consultant BV
is over de voorschot van € 5,00 gegaan.
Er moet € -0,49 betaald worden!

2023-02-03 11:24:02.197 +01:00 [ERR] tesst
2023-02-03 11:27:10.054 +01:00 [ERR] tesst
2023-02-03 11:27:13.444 +01:00 [INF] 
Security Beheer BV
is over de voorschot van € 5,00 gegaan.
Er moet € -31,04 betaald worden!

2023-02-03 11:27:13.464 +01:00 [INF] 
Security Beheer BV
is over de voorschot van € 5,00 gegaan.
Er moet € -0,55 betaald worden!

2023-02-03 11:27:13.486 +01:00 [INF] 
Security Beheer BV
is over de voorschot van € 5,00 gegaan.
Er moet € -1,44 betaald worden!

2023-02-03 11:27:13.513 +01:00 [INF] 
Security Beheer BV
is over de voorschot van € 5,00 gegaan.
Er moet € -0,18 betaald worden!

2023-02-03 11:27:31.244 +01:00 [ERR] tesst
2023-02-03 11:28:27.106 +01:00 [ERR] tesst
2023-02-03 11:28:27.434 +01:00 [INF] 
De Haan IT Nederland BV
is over de voorschot van € 50,00 gegaan.
Er moet € -30,47 betaald worden!

2023-02-03 11:28:27.581 +01:00 [INF] 
HD Services
is over de voorschot van € 50,00 gegaan.
Er moet € -49,63 betaald worden!

2023-02-03 11:44:11.810 +01:00 [INF] 
ACM Fleetforce BV
is over de voorschot van € 1,00 gegaan.
Er moet € -0,41 betaald worden!

2023-02-03 11:44:51.945 +01:00 [ERR] tesst
2023-02-03 11:44:52.453 +01:00 [INF] 
de Schakel Wonen en Slapen BV
is over de voorschot van € 10,00 gegaan.
Er moet € -10,56 betaald worden!

2023-02-03 11:44:53.125 +01:00 [INF] 
Galock Dienstverlening
is over de voorschot van € 2,00 gegaan.
Er moet € -25,30 betaald worden!

2023-02-03 11:44:53.216 +01:00 [INF] 
Greenz BV
is over de voorschot van € 10,00 gegaan.
Er moet € -15,82 betaald worden!

2023-02-03 11:44:53.605 +01:00 [ERR] tesst
2023-02-03 11:44:56.177 +01:00 [ERR] tesst
2023-02-03 11:44:56.601 +01:00 [INF] 
Kuipers Consultant BV
is over de voorschot van € 5,00 gegaan.
Er moet € -0,49 betaald worden!

2023-02-03 11:44:59.051 +01:00 [ERR] tesst
2023-02-03 11:45:00.853 +01:00 [ERR] tesst
2023-02-03 11:45:01.557 +01:00 [INF] 
Security Beheer BV
is over de voorschot van € 5,00 gegaan.
Er moet € -31,04 betaald worden!

2023-02-03 11:45:01.579 +01:00 [INF] 
Security Beheer BV
is over de voorschot van € 5,00 gegaan.
Er moet € -0,55 betaald worden!

2023-02-03 11:45:01.603 +01:00 [INF] 
Security Beheer BV
is over de voorschot van € 5,00 gegaan.
Er moet € -1,44 betaald worden!

2023-02-03 11:45:01.634 +01:00 [INF] 
Security Beheer BV
is over de voorschot van € 5,00 gegaan.
Er moet € -0,18 betaald worden!

2023-02-03 11:45:02.016 +01:00 [ERR] tesst
2023-02-03 11:45:02.463 +01:00 [ERR] tesst
2023-02-03 11:48:03.225 +01:00 [INF] 
A tot Z accountants & adviseurs B.V.
is over de voorschot van € 50,00 gegaan.
Er moet € -7,96 betaald worden!

2023-02-03 11:48:09.197 +01:00 [INF] 
52.IFH GmbH & Co. KG
is over de voorschot van € 5,00 gegaan.
Er moet € -2,68 betaald worden!

2023-02-03 11:48:09.210 +01:00 [INF] 
52.IFH GmbH & Co. KG
is over de voorschot van € 5,00 gegaan.
Er moet € -0,84 betaald worden!

2023-02-03 11:48:09.812 +01:00 [INF] 
ACM Fleetforce BV
is over de voorschot van € 1,00 gegaan.
Er moet € -0,06 betaald worden!

2023-02-03 11:48:09.822 +01:00 [INF] 
ACM Fleetforce BV
is over de voorschot van € 1,00 gegaan.
Er moet € -2,38 betaald worden!

2023-02-03 11:48:09.835 +01:00 [INF] 
ACM Fleetforce BV
is over de voorschot van € 1,00 gegaan.
Er moet € -0,19 betaald worden!

2023-02-03 11:48:09.848 +01:00 [INF] 
ACM Fleetforce BV
is over de voorschot van € 1,00 gegaan.
Er moet € -2,27 betaald worden!

2023-02-03 11:48:09.862 +01:00 [INF] 
ACM Fleetforce BV
is over de voorschot van € 1,00 gegaan.
Er moet € -0,15 betaald worden!

2023-02-03 11:48:09.877 +01:00 [INF] 
ACM Fleetforce BV
is over de voorschot van € 1,00 gegaan.
Er moet € -1,43 betaald worden!

2023-02-03 11:48:09.893 +01:00 [INF] 
ACM Fleetforce BV
is over de voorschot van € 1,00 gegaan.
Er moet € -0,28 betaald worden!

2023-02-03 11:48:10.130 +01:00 [INF] 
ACR Caravan- en Camperservice B.V.
is over de voorschot van € 25,00 gegaan.
Er moet € -5,81 betaald worden!

2023-02-03 11:48:10.151 +01:00 [INF] 
ACR Caravan- en Camperservice B.V.
is over de voorschot van € 25,00 gegaan.
Er moet € -4,20 betaald worden!

2023-02-03 11:48:10.174 +01:00 [INF] 
ACR Caravan- en Camperservice B.V.
is over de voorschot van € 25,00 gegaan.
Er moet € -4,02 betaald worden!

2023-02-03 11:48:10.198 +01:00 [INF] 
ACR Caravan- en Camperservice B.V.
is over de voorschot van € 25,00 gegaan.
Er moet € -4,09 betaald worden!

2023-02-03 11:48:10.262 +01:00 [INF] 
ACR Caravan- en Camperservice B.V.
is over de voorschot van € 25,00 gegaan.
Er moet € -8,24 betaald worden!

2023-02-03 11:48:10.286 +01:00 [INF] 
ACR Caravan- en Camperservice B.V.
is over de voorschot van € 25,00 gegaan.
Er moet € -0,51 betaald worden!

2023-02-03 11:58:52.080 +01:00 [INF] 
52.IFH GmbH & Co. KG
is over de voorschot van € 5,00 gegaan.
Er moet € -2,68 betaald worden!

2023-02-03 11:58:52.170 +01:00 [INF] 
52.IFH GmbH & Co. KG
is over de voorschot van € 5,00 gegaan.
Er moet € -0,84 betaald worden!

2023-02-03 11:58:52.785 +01:00 [INF] 
ACM Fleetforce BV
is over de voorschot van € 1,00 gegaan.
Er moet € -0,06 betaald worden!

2023-02-03 11:58:52.817 +01:00 [INF] 
ACM Fleetforce BV
is over de voorschot van € 1,00 gegaan.
Er moet € -2,38 betaald worden!

2023-02-03 11:58:52.851 +01:00 [INF] 
ACM Fleetforce BV
is over de voorschot van € 1,00 gegaan.
Er moet € -0,19 betaald worden!

2023-02-03 11:58:52.865 +01:00 [INF] 
ACM Fleetforce BV
is over de voorschot van € 1,00 gegaan.
Er moet € -2,27 betaald worden!

2023-02-03 11:58:52.900 +01:00 [INF] 
ACM Fleetforce BV
is over de voorschot van € 1,00 gegaan.
Er moet € -0,15 betaald worden!

2023-02-03 11:58:52.915 +01:00 [INF] 
ACM Fleetforce BV
is over de voorschot van € 1,00 gegaan.
Er moet € -1,43 betaald worden!

2023-02-03 11:58:52.930 +01:00 [INF] 
ACM Fleetforce BV
is over de voorschot van € 1,00 gegaan.
Er moet € -0,28 betaald worden!

2023-02-03 11:58:53.161 +01:00 [INF] 
ACR Caravan- en Camperservice B.V.
is over de voorschot van € 25,00 gegaan.
Er moet € -5,81 betaald worden!

2023-02-03 11:58:53.182 +01:00 [INF] 
ACR Caravan- en Camperservice B.V.
is over de voorschot van € 25,00 gegaan.
Er moet € -4,20 betaald worden!

2023-02-03 11:58:53.201 +01:00 [INF] 
ACR Caravan- en Camperservice B.V.
is over de voorschot van € 25,00 gegaan.
Er moet € -4,02 betaald worden!

2023-02-03 11:58:53.228 +01:00 [INF] 
ACR Caravan- en Camperservice B.V.
is over de voorschot van € 25,00 gegaan.
Er moet € -4,09 betaald worden!

2023-02-03 11:58:53.249 +01:00 [INF] 
ACR Caravan- en Camperservice B.V.
is over de voorschot van € 25,00 gegaan.
Er moet € -8,24 betaald worden!

2023-02-03 11:58:53.276 +01:00 [INF] 
ACR Caravan- en Camperservice B.V.
is over de voorschot van € 25,00 gegaan.
Er moet € -0,51 betaald worden!

2023-02-03 12:04:47.066 +01:00 [ERR] ;eg
2023-02-03 12:07:46.058 +01:00 [INF] 
de Schakel Wonen en Slapen BV
is over de voorschot van € 10,00 gegaan.
Er moet € -8,56 betaald worden!

2023-02-03 12:07:46.766 +01:00 [INF] 
Galock Dienstverlening
is over de voorschot van € 2,00 gegaan.
Er moet € -20,08 betaald worden!

2023-02-03 12:07:46.853 +01:00 [INF] 
Greenz BV
is over de voorschot van € 10,00 gegaan.
Er moet € -20,84 betaald worden!

2023-02-03 12:07:47.690 +01:00 [INF] 
Kuipers Consultant BV
is over de voorschot van € 5,00 gegaan.
Er moet € -6,66 betaald worden!

2023-02-03 12:07:49.417 +01:00 [INF] 
Security Beheer BV
is over de voorschot van € 5,00 gegaan.
Er moet € -29,64 betaald worden!

2023-02-03 12:07:49.438 +01:00 [INF] 
Security Beheer BV
is over de voorschot van € 5,00 gegaan.
Er moet € -1,43 betaald worden!

2023-02-03 12:07:49.457 +01:00 [INF] 
Security Beheer BV
is over de voorschot van € 5,00 gegaan.
Er moet € -0,23 betaald worden!

2023-02-03 12:14:23.113 +01:00 [INF] 
De Haan IT Nederland BV
is over de voorschot van € 50,00 gegaan.
Er moet € -0,29 betaald worden!

2023-02-03 12:14:23.345 +01:00 [INF] 
HD Services
is over de voorschot van € 50,00 gegaan.
Er moet € -12,27 betaald worden!

2023-02-03 12:14:27.776 +01:00 [INF] 
ACM Fleetforce BV
is over de voorschot van € 1,00 gegaan.
Er moet € -0,41 betaald worden!

2023-02-03 12:14:29.536 +01:00 [INF] 
de Schakel Wonen en Slapen BV
is over de voorschot van € 10,00 gegaan.
Er moet € -10,56 betaald worden!

2023-02-03 12:14:30.124 +01:00 [INF] 
Galock Dienstverlening
is over de voorschot van € 2,00 gegaan.
Er moet € -25,30 betaald worden!

2023-02-03 12:14:30.215 +01:00 [INF] 
Greenz BV
is over de voorschot van € 10,00 gegaan.
Er moet € -15,82 betaald worden!

2023-02-03 12:14:31.200 +01:00 [INF] 
Kuipers Consultant BV
is over de voorschot van € 5,00 gegaan.
Er moet € -0,49 betaald worden!

2023-02-03 12:14:32.832 +01:00 [INF] 
Security Beheer BV
is over de voorschot van € 5,00 gegaan.
Er moet € -31,04 betaald worden!

2023-02-03 12:14:32.853 +01:00 [INF] 
Security Beheer BV
is over de voorschot van € 5,00 gegaan.
Er moet € -0,55 betaald worden!

2023-02-03 12:14:32.874 +01:00 [INF] 
Security Beheer BV
is over de voorschot van € 5,00 gegaan.
Er moet € -1,44 betaald worden!

2023-02-03 12:14:32.901 +01:00 [INF] 
Security Beheer BV
is over de voorschot van € 5,00 gegaan.
Er moet € -0,18 betaald worden!

2023-02-03 13:43:32.100 +01:00 [INF] 
52.IFH GmbH & Co. KG
is over de voorschot van € 5,00 gegaan.
Er moet € -2,68 betaald worden!

2023-02-03 13:43:32.101 +01:00 [INF] 
Architectenbureau van den Hoeven B.V.
is over de voorschot van € 5,00 gegaan.
Er moet € -2,24 betaald worden!

2023-02-03 13:43:32.178 +01:00 [INF] 
52.IFH GmbH & Co. KG
is over de voorschot van € 5,00 gegaan.
Er moet € -0,84 betaald worden!

2023-02-03 13:43:32.223 +01:00 [INF] 
Auto Tasveld
is over de voorschot van € 5,00 gegaan.
Er moet € -5,07 betaald worden!

2023-02-03 13:43:32.416 +01:00 [INF] 
Baas VOF
is over de voorschot van € 5,00 gegaan.
Er moet € -9,37 betaald worden!

2023-02-03 13:43:32.500 +01:00 [INF] 
A tot Z accountants & adviseurs B.V.
is over de voorschot van € 15,00 gegaan.
Er moet € -4,50 betaald worden!

2023-02-03 13:43:33.011 +01:00 [INF] 
ACM Fleetforce BV
is over de voorschot van € 1,00 gegaan.
Er moet € -0,49 betaald worden!

2023-02-03 13:43:33.022 +01:00 [INF] 
ACM Fleetforce BV
is over de voorschot van € 1,00 gegaan.
Er moet € -0,06 betaald worden!

2023-02-03 13:43:33.037 +01:00 [INF] 
ACM Fleetforce BV
is over de voorschot van € 1,00 gegaan.
Er moet € -2,38 betaald worden!

2023-02-03 13:43:33.053 +01:00 [INF] 
ACM Fleetforce BV
is over de voorschot van € 1,00 gegaan.
Er moet € -0,19 betaald worden!

2023-02-03 13:43:33.096 +01:00 [INF] 
ACM Fleetforce BV
is over de voorschot van € 1,00 gegaan.
Er moet € -2,27 betaald worden!

2023-02-03 13:43:33.134 +01:00 [INF] 
ACM Fleetforce BV
is over de voorschot van € 1,00 gegaan.
Er moet € -0,15 betaald worden!

2023-02-03 13:43:33.152 +01:00 [INF] 
ACM Fleetforce BV
is over de voorschot van € 1,00 gegaan.
Er moet € -1,43 betaald worden!

2023-02-03 13:43:33.176 +01:00 [INF] 
ACM Fleetforce BV
is over de voorschot van € 1,00 gegaan.
Er moet € -0,28 betaald worden!

2023-02-03 13:43:33.411 +01:00 [INF] 
ACR Caravan- en Camperservice B.V.
is over de voorschot van € 25,00 gegaan.
Er moet € -15,62 betaald worden!

2023-02-03 13:43:33.445 +01:00 [INF] 
ACR Caravan- en Camperservice B.V.
is over de voorschot van € 25,00 gegaan.
Er moet € -5,81 betaald worden!

2023-02-03 13:43:33.464 +01:00 [INF] 
ACR Caravan- en Camperservice B.V.
is over de voorschot van € 25,00 gegaan.
Er moet € -4,20 betaald worden!

2023-02-03 13:43:33.484 +01:00 [INF] 
ACR Caravan- en Camperservice B.V.
is over de voorschot van € 25,00 gegaan.
Er moet € -4,02 betaald worden!

2023-02-03 13:43:33.513 +01:00 [INF] 
ACR Caravan- en Camperservice B.V.
is over de voorschot van € 25,00 gegaan.
Er moet € -4,09 betaald worden!

2023-02-03 13:43:33.533 +01:00 [INF] 
ACR Caravan- en Camperservice B.V.
is over de voorschot van € 25,00 gegaan.
Er moet € -8,24 betaald worden!

2023-02-03 13:43:33.578 +01:00 [INF] 
ACR Caravan- en Camperservice B.V.
is over de voorschot van € 25,00 gegaan.
Er moet € -0,51 betaald worden!

2023-02-03 13:44:30.620 +01:00 [ERR] ;eg
2023-02-03 13:54:02.846 +01:00 [INF] 
52.IFH GmbH & Co. KG
is over de voorschot van € 5,00 gegaan.
Er moet € -2,68 betaald worden!

2023-02-03 13:54:02.850 +01:00 [INF] 
Alex Severs Beheer BV
is over de voorschot van € 5,00 gegaan.
Er moet € -10,95 betaald worden!

2023-02-03 13:54:05.458 +01:00 [INF] 
52.IFH GmbH & Co. KG
is over de voorschot van € 5,00 gegaan.
Er moet € -0,84 betaald worden!

2023-02-03 13:54:06.642 +01:00 [INF] 
Architectenbureau van den Hoeven B.V.
is over de voorschot van € 5,00 gegaan.
Er moet € -2,24 betaald worden!

2023-02-03 13:54:26.599 +01:00 [INF] 
Auto Tasveld
is over de voorschot van € 5,00 gegaan.
Er moet € -5,07 betaald worden!

2023-02-03 13:54:30.501 +01:00 [INF] 
A tot Z accountants & adviseurs B.V.
is over de voorschot van € 15,00 gegaan.
Er moet € -4,50 betaald worden!

2023-02-03 13:56:26.251 +01:00 [INF] 
ACM Fleetforce BV
is over de voorschot van € 1,00 gegaan.
Er moet € -0,49 betaald worden!

2023-02-03 13:56:27.197 +01:00 [INF] 
ACM Fleetforce BV
is over de voorschot van € 1,00 gegaan.
Er moet € -0,06 betaald worden!

2023-02-03 13:56:29.082 +01:00 [INF] 
ACM Fleetforce BV
is over de voorschot van € 1,00 gegaan.
Er moet € -2,38 betaald worden!

2023-02-03 13:56:29.917 +01:00 [INF] 
ACM Fleetforce BV
is over de voorschot van € 1,00 gegaan.
Er moet € -0,19 betaald worden!

2023-02-03 13:56:32.145 +01:00 [INF] 
ACM Fleetforce BV
is over de voorschot van € 1,00 gegaan.
Er moet € -2,27 betaald worden!

2023-02-03 13:56:52.145 +01:00 [INF] 
ACM Fleetforce BV
is over de voorschot van € 1,00 gegaan.
Er moet € -0,15 betaald worden!

2023-02-03 13:56:53.394 +01:00 [INF] 
ACM Fleetforce BV
is over de voorschot van € 1,00 gegaan.
Er moet € -1,43 betaald worden!

2023-02-03 13:56:54.213 +01:00 [INF] 
ACM Fleetforce BV
is over de voorschot van € 1,00 gegaan.
Er moet € -0,28 betaald worden!

2023-02-03 13:57:04.850 +01:00 [INF] 
ACR Caravan- en Camperservice B.V.
is over de voorschot van € 25,00 gegaan.
Er moet € -15,62 betaald worden!

2023-02-03 13:57:07.646 +01:00 [INF] 
ACR Caravan- en Camperservice B.V.
is over de voorschot van € 25,00 gegaan.
Er moet € -5,81 betaald worden!

2023-02-03 13:57:08.409 +01:00 [INF] 
ACR Caravan- en Camperservice B.V.
is over de voorschot van € 25,00 gegaan.
Er moet € -4,20 betaald worden!

2023-02-03 13:57:09.242 +01:00 [INF] 
ACR Caravan- en Camperservice B.V.
is over de voorschot van € 25,00 gegaan.
Er moet € -4,02 betaald worden!

2023-02-03 13:57:10.404 +01:00 [INF] 
ACR Caravan- en Camperservice B.V.
is over de voorschot van € 25,00 gegaan.
Er moet € -4,09 betaald worden!

2023-02-03 13:57:11.508 +01:00 [INF] 
ACR Caravan- en Camperservice B.V.
is over de voorschot van € 25,00 gegaan.
Er moet € -8,24 betaald worden!

2023-02-03 13:57:13.766 +01:00 [INF] 
ACR Caravan- en Camperservice B.V.
is over de voorschot van € 25,00 gegaan.
Er moet € -0,51 betaald worden!

2023-02-03 14:05:05.864 +01:00 [ERR] ;eg
2023-02-03 14:10:01.403 +01:00 [INF] 
A tot Z accountants & adviseurs B.V.
is over de voorschot van € 50,00 gegaan.
Er moet € -7,96 betaald worden!

2023-02-03 14:10:06.800 +01:00 [INF] 
ACR Caravan- en Camperservice B.V.
is over de voorschot van € 50,00 gegaan.
Er moet € -153,76 betaald worden!

2023-02-03 14:10:08.231 +01:00 [INF] 
52.IFH GmbH & Co. KG
is over de voorschot van € 5,00 gegaan.
Er moet € -2,68 betaald worden!

2023-02-03 14:10:08.243 +01:00 [INF] 
Architectenbureau van den Hoeven B.V.
is over de voorschot van € 5,00 gegaan.
Er moet € -2,24 betaald worden!

2023-02-03 14:10:08.244 +01:00 [INF] 
52.IFH GmbH & Co. KG
is over de voorschot van € 5,00 gegaan.
Er moet € -0,84 betaald worden!

2023-02-03 14:10:08.349 +01:00 [INF] 
Auto Tasveld
is over de voorschot van € 5,00 gegaan.
Er moet € -5,07 betaald worden!

2023-02-03 14:10:08.580 +01:00 [INF] 
A tot Z accountants & adviseurs B.V.
is over de voorschot van € 15,00 gegaan.
Er moet € -4,50 betaald worden!

2023-02-03 14:10:09.023 +01:00 [INF] 
ACM Fleetforce BV
is over de voorschot van € 1,00 gegaan.
Er moet € -0,49 betaald worden!

2023-02-03 14:10:09.070 +01:00 [INF] 
ACM Fleetforce BV
is over de voorschot van € 1,00 gegaan.
Er moet € -0,06 betaald worden!

2023-02-03 14:10:09.131 +01:00 [INF] 
ACM Fleetforce BV
is over de voorschot van € 1,00 gegaan.
Er moet € -2,38 betaald worden!

2023-02-03 14:10:09.164 +01:00 [INF] 
ACM Fleetforce BV
is over de voorschot van € 1,00 gegaan.
Er moet € -0,19 betaald worden!

2023-02-03 14:10:09.232 +01:00 [INF] 
ACM Fleetforce BV
is over de voorschot van € 1,00 gegaan.
Er moet € -2,27 betaald worden!

2023-02-03 14:10:09.278 +01:00 [INF] 
ACM Fleetforce BV
is over de voorschot van € 1,00 gegaan.
Er moet € -0,15 betaald worden!

2023-02-03 14:10:09.304 +01:00 [INF] 
ACM Fleetforce BV
is over de voorschot van € 1,00 gegaan.
Er moet € -1,43 betaald worden!

2023-02-03 14:10:09.345 +01:00 [INF] 
ACM Fleetforce BV
is over de voorschot van € 1,00 gegaan.
Er moet € -0,28 betaald worden!

2023-02-03 14:10:09.572 +01:00 [INF] 
ACR Caravan- en Camperservice B.V.
is over de voorschot van € 25,00 gegaan.
Er moet € -15,62 betaald worden!

2023-02-03 14:10:09.609 +01:00 [INF] 
ACR Caravan- en Camperservice B.V.
is over de voorschot van € 25,00 gegaan.
Er moet € -5,81 betaald worden!

2023-02-03 14:10:09.630 +01:00 [INF] 
ACR Caravan- en Camperservice B.V.
is over de voorschot van € 25,00 gegaan.
Er moet € -4,20 betaald worden!

2023-02-03 14:10:09.654 +01:00 [INF] 
ACR Caravan- en Camperservice B.V.
is over de voorschot van € 25,00 gegaan.
Er moet € -4,02 betaald worden!

2023-02-03 14:10:09.674 +01:00 [INF] 
ACR Caravan- en Camperservice B.V.
is over de voorschot van € 25,00 gegaan.
Er moet € -4,09 betaald worden!

2023-02-03 14:10:09.695 +01:00 [INF] 
ACR Caravan- en Camperservice B.V.
is over de voorschot van € 25,00 gegaan.
Er moet € -8,24 betaald worden!

2023-02-03 14:10:09.717 +01:00 [INF] 
ACR Caravan- en Camperservice B.V.
is over de voorschot van € 25,00 gegaan.
Er moet € -0,51 betaald worden!

2023-02-03 14:10:53.244 +01:00 [INF] 
Alex Severs Beheer BV
is over de voorschot van € 3,00 gegaan.
Er moet € -1,19 betaald worden!

2023-02-03 14:10:53.255 +01:00 [INF] 
Alex Severs Beheer BV
is over de voorschot van € 3,00 gegaan.
Er moet € -0,18 betaald worden!

2023-02-03 14:10:53.353 +01:00 [INF] 
BIT Hotmelt Technology
is over de voorschot van € 1,00 gegaan.
Er moet € -179,16 betaald worden!

2023-02-03 14:10:53.567 +01:00 [INF] 
Blijf van mijn Lijf - Den Helder
is over de voorschot van € 10,00 gegaan.
Er moet € -36,59 betaald worden!

2023-02-03 14:10:54.055 +01:00 [INF] 
BVBA Original
is over de voorschot van € 5,00 gegaan.
Er moet € -23,27 betaald worden!

2023-02-03 14:10:54.222 +01:00 [INF] 
Baas VOF
is over de voorschot van € 5,00 gegaan.
Er moet € -0,07 betaald worden!

2023-02-03 14:10:54.228 +01:00 [INF] 
BVBA Original
is over de voorschot van € 5,00 gegaan.
Er moet € -1,37 betaald worden!

2023-02-03 14:10:54.269 +01:00 [INF] 
BVBA Original
is over de voorschot van € 5,00 gegaan.
Er moet € -2,42 betaald worden!

2023-02-03 14:10:54.942 +01:00 [INF] 
BIT Hotmelt Technology
is over de voorschot van € 40,00 gegaan.
Er moet € -3,77 betaald worden!

2023-02-03 14:10:55.270 +01:00 [INF] 
Blijf van mijn Lijf - Den Helder
is over de voorschot van € 26,00 gegaan.
Er moet € -0,71 betaald worden!

2023-02-03 14:10:56.979 +01:00 [INF] 
De Bedrijfswagen Garage
is over de voorschot van € 26,00 gegaan.
Er moet € -11,11 betaald worden!

2023-02-03 14:10:58.912 +01:00 [INF] 
de Schakel Wonen en Slapen BV
is over de voorschot van € 10,00 gegaan.
Er moet € -22,89 betaald worden!

2023-02-03 14:10:58.931 +01:00 [INF] 
de Schakel Wonen en Slapen BV
is over de voorschot van € 10,00 gegaan.
Er moet € -20,98 betaald worden!

2023-02-03 14:10:58.969 +01:00 [INF] 
de Schakel Wonen en Slapen BV
is over de voorschot van € 10,00 gegaan.
Er moet € -22,90 betaald worden!

2023-02-03 14:10:58.999 +01:00 [INF] 
de Schakel Wonen en Slapen BV
is over de voorschot van € 10,00 gegaan.
Er moet € -19,70 betaald worden!

2023-02-03 14:10:59.257 +01:00 [INF] 
Den Hartog Bouwmaterieel BV
is over de voorschot van € 48,50 gegaan.
Er moet € -2,20 betaald worden!

2023-02-03 14:10:59.518 +01:00 [INF] 
Den Hartog Fijnmechanische Techniek
is over de voorschot van € 13,25 gegaan.
Er moet € -3,18 betaald worden!

2023-02-03 14:10:59.946 +01:00 [INF] 
Dorelan Nederland BV
is over de voorschot van € 10,00 gegaan.
Er moet € -8,63 betaald worden!

2023-02-03 14:11:00.231 +01:00 [INF] 
Elektrotechniek Kees van Schaik BV
is over de voorschot van € 44,00 gegaan.
Er moet € -2,49 betaald worden!

2023-02-03 14:11:00.455 +01:00 [INF] 
Elmet BV
is over de voorschot van € 35,00 gegaan.
Er moet € -32,38 betaald worden!

2023-02-03 14:11:00.885 +01:00 [INF] 
Galock Dienstverlening
is over de voorschot van € 2,00 gegaan.
Er moet € -41,68 betaald worden!

2023-02-03 14:11:00.898 +01:00 [INF] 
Galock Dienstverlening
is over de voorschot van € 2,00 gegaan.
Er moet € -33,49 betaald worden!

2023-02-03 14:11:00.924 +01:00 [INF] 
Galock Dienstverlening
is over de voorschot van € 2,00 gegaan.
Er moet € -38,67 betaald worden!

2023-02-03 14:11:00.972 +01:00 [INF] 
Galock Dienstverlening
is over de voorschot van € 2,00 gegaan.
Er moet € -33,33 betaald worden!

2023-02-03 14:11:01.218 +01:00 [INF] 
Greenz BV
is over de voorschot van € 10,00 gegaan.
Er moet € -25,19 betaald worden!

2023-02-03 14:11:01.247 +01:00 [INF] 
Greenz BV
is over de voorschot van € 10,00 gegaan.
Er moet € -4,73 betaald worden!

2023-02-03 14:11:01.263 +01:00 [INF] 
Greenz BV
is over de voorschot van € 10,00 gegaan.
Er moet € -3,86 betaald worden!

2023-02-03 14:11:01.321 +01:00 [INF] 
Greenz BV
is over de voorschot van € 10,00 gegaan.
Er moet € -7,01 betaald worden!

2023-02-03 14:11:01.352 +01:00 [INF] 
Greenz BV
is over de voorschot van € 10,00 gegaan.
Er moet € -10,72 betaald worden!

2023-02-03 14:11:01.401 +01:00 [INF] 
Greenz BV
is over de voorschot van € 10,00 gegaan.
Er moet € -5,58 betaald worden!

2023-02-03 14:11:01.426 +01:00 [INF] 
Greenz BV
is over de voorschot van € 10,00 gegaan.
Er moet € -2,23 betaald worden!

2023-02-03 14:11:01.464 +01:00 [INF] 
Greenz BV
is over de voorschot van € 10,00 gegaan.
Er moet € -20,84 betaald worden!

2023-02-03 14:11:02.723 +01:00 [INF] 
Hek en van Loon Installatietechniek
is over de voorschot van € 50,00 gegaan.
Er moet € -9,78 betaald worden!

2023-02-03 14:11:04.003 +01:00 [INF] 
Kloosterhoeve Harmelen
is over de voorschot van € 12,50 gegaan.
Er moet € -2,06 betaald worden!

2023-02-03 14:11:04.038 +01:00 [INF] 
Kloosterhoeve Harmelen
is over de voorschot van € 12,50 gegaan.
Er moet € -0,52 betaald worden!

2023-02-03 14:11:04.081 +01:00 [INF] 
Kloosterhoeve Harmelen
is over de voorschot van € 12,50 gegaan.
Er moet € -2,78 betaald worden!

2023-02-03 14:11:04.137 +01:00 [INF] 
Kloosterhoeve Harmelen
is over de voorschot van € 12,50 gegaan.
Er moet € -0,17 betaald worden!

2023-02-03 14:11:04.180 +01:00 [INF] 
Kloosterhoeve Harmelen
is over de voorschot van € 12,50 gegaan.
Er moet € -0,41 betaald worden!

2023-02-03 14:11:04.395 +01:00 [INF] 
Kuipers Consultant BV
is over de voorschot van € 5,00 gegaan.
Er moet € -5,36 betaald worden!

2023-02-03 14:11:04.446 +01:00 [INF] 
Kuipers Consultant BV
is over de voorschot van € 5,00 gegaan.
Er moet € -1,37 betaald worden!

2023-02-03 14:11:04.462 +01:00 [INF] 
de Schakel Wonen en Slapen BV
is over de voorschot van € 5,00 gegaan.
Er moet € -74,04 betaald worden!

2023-02-03 14:11:04.548 +01:00 [INF] 
Kuipers Consultant BV
is over de voorschot van € 5,00 gegaan.
Er moet € -2,92 betaald worden!

2023-02-03 14:11:04.583 +01:00 [INF] 
Kuipers Consultant BV
is over de voorschot van € 5,00 gegaan.
Er moet € -6,66 betaald worden!

2023-02-03 14:11:06.028 +01:00 [INF] 
Den Hartog Bouwmaterieel BV
is over de voorschot van € 5,00 gegaan.
Er moet € -33,17 betaald worden!

2023-02-03 14:11:06.140 +01:00 [INF] 
Den Hartog Fijnmechanische Techniek
is over de voorschot van € 10,00 gegaan.
Er moet € -32,62 betaald worden!

2023-02-03 14:11:06.814 +01:00 [INF] 
Multitask2000
is over de voorschot van € 5,00 gegaan.
Er moet € -0,83 betaald worden!

2023-02-03 14:11:06.849 +01:00 [INF] 
Multitask2000
is over de voorschot van € 5,00 gegaan.
Er moet € -0,64 betaald worden!

2023-02-03 14:11:06.889 +01:00 [INF] 
Multitask2000
is over de voorschot van € 5,00 gegaan.
Er moet € -1,89 betaald worden!

2023-02-03 14:11:06.934 +01:00 [INF] 
Multitask2000
is over de voorschot van € 5,00 gegaan.
Er moet € -4,88 betaald worden!

2023-02-03 14:11:06.977 +01:00 [INF] 
Multitask2000
is over de voorschot van € 5,00 gegaan.
Er moet € -1,68 betaald worden!

2023-02-03 14:11:07.116 +01:00 [INF] 
Elektrotechniek Kees van Schaik BV
is over de voorschot van € 60,00 gegaan.
Er moet € -22,13 betaald worden!

2023-02-03 14:11:08.316 +01:00 [INF] 
Elmet BV
is over de voorschot van € 10,00 gegaan.
Er moet € -201,40 betaald worden!

2023-02-03 14:11:08.358 +01:00 [INF] 
Profipack Verpakkingsmaterialen B.V.
is over de voorschot van € 80,00 gegaan.
Er moet € -13,39 betaald worden!

2023-02-03 14:11:08.495 +01:00 [INF] 
Galock Dienstverlening
is over de voorschot van € 80,00 gegaan.
Er moet € -16,98 betaald worden!

2023-02-03 14:11:09.130 +01:00 [INF] 
Sauna Thermen Zuidwolde
is over de voorschot van € 20,00 gegaan.
Er moet € -6,12 betaald worden!

2023-02-03 14:11:09.167 +01:00 [INF] 
Sauna Thermen Zuidwolde
is over de voorschot van € 20,00 gegaan.
Er moet € -1,14 betaald worden!

2023-02-03 14:11:09.218 +01:00 [INF] 
Sauna Thermen Zuidwolde
is over de voorschot van € 20,00 gegaan.
Er moet € -3,49 betaald worden!

2023-02-03 14:11:09.271 +01:00 [INF] 
Sauna Thermen Zuidwolde
is over de voorschot van € 20,00 gegaan.
Er moet € -7,93 betaald worden!

2023-02-03 14:11:09.546 +01:00 [INF] 
Schalkwijk Kamerik
is over de voorschot van € 15,00 gegaan.
Er moet € -1,48 betaald worden!

2023-02-03 14:11:09.588 +01:00 [INF] 
Schalkwijk Kamerik
is over de voorschot van € 15,00 gegaan.
Er moet € -2,13 betaald worden!

2023-02-03 14:11:09.629 +01:00 [INF] 
Schalkwijk Kamerik
is over de voorschot van € 15,00 gegaan.
Er moet € -0,93 betaald worden!

2023-02-03 14:11:09.831 +01:00 [INF] 
Greenz BV
is over de voorschot van € 10,00 gegaan.
Er moet € -113,59 betaald worden!

2023-02-03 14:11:10.007 +01:00 [INF] 
Security Beheer BV
is over de voorschot van € 5,00 gegaan.
Er moet € -97,11 betaald worden!

2023-02-03 14:11:10.113 +01:00 [INF] 
Security Beheer BV
is over de voorschot van € 5,00 gegaan.
Er moet € -57,92 betaald worden!

2023-02-03 14:11:10.191 +01:00 [INF] 
Security Beheer BV
is over de voorschot van € 5,00 gegaan.
Er moet € -59,97 betaald worden!

2023-02-03 14:11:10.256 +01:00 [INF] 
Security Beheer BV
is over de voorschot van € 5,00 gegaan.
Er moet € -47,95 betaald worden!

2023-02-03 14:11:10.336 +01:00 [INF] 
Security Beheer BV
is over de voorschot van € 5,00 gegaan.
Er moet € -57,17 betaald worden!

2023-02-03 14:11:10.405 +01:00 [INF] 
Security Beheer BV
is over de voorschot van € 5,00 gegaan.
Er moet € -51,55 betaald worden!

2023-02-03 14:11:10.445 +01:00 [INF] 
Security Beheer BV
is over de voorschot van € 5,00 gegaan.
Er moet € -30,39 betaald worden!

2023-02-03 14:11:10.494 +01:00 [INF] 
Security Beheer BV
is over de voorschot van € 5,00 gegaan.
Er moet € -54,02 betaald worden!

2023-02-03 14:11:10.568 +01:00 [INF] 
Security Beheer BV
is over de voorschot van € 5,00 gegaan.
Er moet € -41,25 betaald worden!

2023-02-03 14:11:10.632 +01:00 [INF] 
Security Beheer BV
is over de voorschot van € 5,00 gegaan.
Er moet € -37,36 betaald worden!

2023-02-03 14:11:10.663 +01:00 [INF] 
Grieks Restauranta Lexios
is over de voorschot van € 5,00 gegaan.
Er moet € -16,08 betaald worden!

2023-02-03 14:11:10.692 +01:00 [INF] 
Security Beheer BV
is over de voorschot van € 5,00 gegaan.
Er moet € -29,64 betaald worden!

2023-02-03 14:11:10.760 +01:00 [INF] 
Security Beheer BV
is over de voorschot van € 5,00 gegaan.
Er moet € -4,99 betaald worden!

2023-02-03 14:11:10.764 +01:00 [INF] 
H. Lagendijk Benzinestations BV
is over de voorschot van € 5,00 gegaan.
Er moet € -3,67 betaald worden!

2023-02-03 14:11:10.871 +01:00 [INF] 
Security Beheer BV
is over de voorschot van € 5,00 gegaan.
Er moet € -0,66 betaald worden!

2023-02-03 14:11:10.907 +01:00 [INF] 
Security Beheer BV
is over de voorschot van € 5,00 gegaan.
Er moet € -0,29 betaald worden!

2023-02-03 14:11:10.922 +01:00 [INF] 
H. Lagendijk Benzinestations BV
is over de voorschot van € 5,00 gegaan.
Er moet € -21,06 betaald worden!

2023-02-03 14:11:10.963 +01:00 [INF] 
H. Lagendijk Benzinestations BV
is over de voorschot van € 5,00 gegaan.
Er moet € -23,46 betaald worden!

2023-02-03 14:11:11.011 +01:00 [INF] 
Security Beheer BV
is over de voorschot van € 5,00 gegaan.
Er moet € -0,23 betaald worden!

2023-02-03 14:11:11.065 +01:00 [INF] 
Security Beheer BV
is over de voorschot van € 5,00 gegaan.
Er moet € -1,87 betaald worden!

2023-02-03 14:11:11.096 +01:00 [INF] 
H. Lagendijk Benzinestations BV
is over de voorschot van € 5,00 gegaan.
Er moet € -23,73 betaald worden!

2023-02-03 14:11:11.133 +01:00 [INF] 
Security Beheer BV
is over de voorschot van € 5,00 gegaan.
Er moet € -1,61 betaald worden!

2023-02-03 14:11:11.181 +01:00 [INF] 
Security Beheer BV
is over de voorschot van € 5,00 gegaan.
Er moet € -1,43 betaald worden!

2023-02-03 14:11:11.267 +01:00 [INF] 
Security Beheer BV
is over de voorschot van € 5,00 gegaan.
Er moet € -5,65 betaald worden!

2023-02-03 14:11:11.366 +01:00 [INF] 
Security Beheer BV
is over de voorschot van € 5,00 gegaan.
Er moet € -0,90 betaald worden!

2023-02-03 14:11:11.426 +01:00 [INF] 
Security Beheer BV
is over de voorschot van € 5,00 gegaan.
Er moet € -0,51 betaald worden!

2023-02-03 14:11:11.466 +01:00 [INF] 
Security Beheer BV
is over de voorschot van € 5,00 gegaan.
Er moet € -1,15 betaald worden!

2023-02-03 14:11:11.537 +01:00 [INF] 
Security Beheer BV
is over de voorschot van € 5,00 gegaan.
Er moet € -0,75 betaald worden!

2023-02-03 14:11:11.592 +01:00 [INF] 
Security Beheer BV
is over de voorschot van € 5,00 gegaan.
Er moet € -0,25 betaald worden!

2023-02-03 14:11:11.655 +01:00 [INF] 
Security Beheer BV
is over de voorschot van € 5,00 gegaan.
Er moet € -0,23 betaald worden!

2023-02-03 14:11:12.015 +01:00 [INF] 
Security Beheer BV
is over de voorschot van € 5,00 gegaan.
Er moet € -9,04 betaald worden!

2023-02-03 14:11:12.046 +01:00 [INF] 
Security Beheer BV
is over de voorschot van € 5,00 gegaan.
Er moet € -6,39 betaald worden!

2023-02-03 14:11:12.109 +01:00 [INF] 
Security Beheer BV
is over de voorschot van € 5,00 gegaan.
Er moet € -7,94 betaald worden!

2023-02-03 14:11:12.197 +01:00 [INF] 
Security Beheer BV
is over de voorschot van € 5,00 gegaan.
Er moet € -9,92 betaald worden!

2023-02-03 14:11:12.255 +01:00 [INF] 
Security Beheer BV
is over de voorschot van € 5,00 gegaan.
Er moet € -6,87 betaald worden!

2023-02-03 14:11:12.371 +01:00 [INF] 
Security Beheer BV
is over de voorschot van € 5,00 gegaan.
Er moet € -2,06 betaald worden!

2023-02-03 14:11:12.429 +01:00 [INF] 
Security Beheer BV
is over de voorschot van € 5,00 gegaan.
Er moet € -11,16 betaald worden!

2023-02-03 14:11:12.484 +01:00 [INF] 
Security Beheer BV
is over de voorschot van € 5,00 gegaan.
Er moet € -1,27 betaald worden!

2023-02-03 14:11:12.797 +01:00 [INF] 
HD Services
is over de voorschot van € 5,00 gegaan.
Er moet € -1.123,51 betaald worden!

2023-02-03 14:11:13.473 +01:00 [INF] 
Splendor Advocaten
is over de voorschot van € 7,50 gegaan.
Er moet € -0,67 betaald worden!

2023-02-03 14:11:13.485 +01:00 [INF] 
Splendor Advocaten
is over de voorschot van € 7,50 gegaan.
Er moet € -1,82 betaald worden!

2023-02-03 14:11:13.545 +01:00 [INF] 
Splendor Advocaten
is over de voorschot van € 7,50 gegaan.
Er moet € -6,25 betaald worden!

2023-02-03 14:11:13.635 +01:00 [INF] 
Healthynez Holding B.V.
is over de voorschot van € 5,00 gegaan.
Er moet € -327,85 betaald worden!

2023-02-03 14:11:14.176 +01:00 [INF] 
Ton van Leeuwen Snijwerken B.V.
is over de voorschot van € 36,00 gegaan.
Er moet € -25,99 betaald worden!

2023-02-03 14:11:14.431 +01:00 [INF] 
TP Advocatuur
is over de voorschot van € 5,00 gegaan.
Er moet € -5,77 betaald worden!

2023-02-03 14:11:14.443 +01:00 [INF] 
TP Advocatuur
is over de voorschot van € 5,00 gegaan.
Er moet € -2,10 betaald worden!

2023-02-03 14:11:14.510 +01:00 [INF] 
TP Advocatuur
is over de voorschot van € 5,00 gegaan.
Er moet € -9,27 betaald worden!

2023-02-03 14:11:14.589 +01:00 [INF] 
TP Advocatuur
is over de voorschot van € 5,00 gegaan.
Er moet € -1,63 betaald worden!

2023-02-03 14:11:14.726 +01:00 [INF] 
Hek en van Loon Installatietechniek
is over de voorschot van € 7,50 gegaan.
Er moet € -205,24 betaald worden!

2023-02-03 14:11:15.269 +01:00 [INF] 
House of Trends B.V.
is over de voorschot van € 50,00 gegaan.
Er moet € -52,04 betaald worden!

2023-02-03 14:11:20.376 +01:00 [INF] 
Metal Bouwkonsort
is over de voorschot van € 50,00 gegaan.
Er moet € -44,24 betaald worden!

2023-02-03 14:11:24.263 +01:00 [INF] 
Orthodontiepraktijk Leidsche Rijn
is over de voorschot van € 50,00 gegaan.
Er moet € -158,96 betaald worden!

2023-02-03 14:11:31.397 +01:00 [INF] 
Profipack Verpakkingsmaterialen B.V.
is over de voorschot van € 50,00 gegaan.
Er moet € -332,83 betaald worden!

2023-02-03 14:11:31.741 +01:00 [INF] 
Sauna Thermen Zuidwolde
is over de voorschot van € 50,00 gegaan.
Er moet € -11,67 betaald worden!

2023-02-03 14:11:34.017 +01:00 [INF] 
Schalkwijk Kamerik
is over de voorschot van € 50,00 gegaan.
Er moet € -33,86 betaald worden!

2023-02-03 14:12:39.947 +01:00 [INF] 
Security Beheer BV
is over de voorschot van € 50,00 gegaan.
Er moet € -379,18 betaald worden!

2023-02-03 14:12:41.771 +01:00 [INF] 
Security Beheer BV
is over de voorschot van € 50,00 gegaan.
Er moet € -19,30 betaald worden!

2023-02-03 14:12:42.104 +01:00 [INF] 
Tandartsenpraktijk Leidsche Rijn
is over de voorschot van € 50,00 gegaan.
Er moet € -51,21 betaald worden!

2023-02-03 14:12:43.377 +01:00 [INF] 
Ton van Leeuwen Snijwerken B.V.
is over de voorschot van € 50,00 gegaan.
Er moet € -164,97 betaald worden!

2023-02-03 14:12:49.447 +01:00 [INF] 
Tradekar International BV
is over de voorschot van € 50,00 gegaan.
Er moet € -127,40 betaald worden!

2023-02-03 14:12:50.477 +01:00 [INF] 
Triomf Tours B.V.
is over de voorschot van € 50,00 gegaan.
Er moet € -70,64 betaald worden!

